<?xml version="1.0" encoding="UTF-8"?>
<testsuite xmlns:xsi="http://www.w3.org/2001/XMLSchema-instance" xsi:noNamespaceSchemaLocation="https://maven.apache.org/surefire/maven-surefire-plugin/xsd/surefire-test-report.xsd" name="com.example.lab3.RulesOf6005Test" time="0.028" tests="1" errors="0" skipped="0" failures="0">
  <properties>
    <property name="java.specification.version" value="17"/>
    <property name="sun.cpu.isalist" value="amd64"/>
    <property name="sun.jnu.encoding" value="Cp1252"/>
    <property name="java.class.path" value="D:\Ahsan\Study\NUST\5th Semester\Assignments\Software Construction\Lab 3\lab3\lab3\target\test-classes;D:\Ahsan\Study\NUST\5th Semester\Assignments\Software Construction\Lab 3\lab3\lab3\target\classes;C:\Users\Muhammad Ahsan\.m2\repository\junit\junit\4.11\junit-4.11.jar;C:\Users\Muhammad Ahsan\.m2\repository\org\hamcrest\hamcrest-core\1.3\hamcrest-core-1.3.jar;"/>
    <property name="java.vm.vendor" value="Oracle Corporation"/>
    <property name="sun.arch.data.model" value="64"/>
    <property name="user.variant" value=""/>
    <property name="java.vendor.url" value="https://java.oracle.com/"/>
    <property name="user.timezone" value="Asia/Karachi"/>
    <property name="user.country.format" value="PK"/>
    <property name="os.name" value="Windows 11"/>
    <property name="java.vm.specification.version" value="17"/>
    <property name="user.country" value="US"/>
    <property name="sun.java.launcher" value="SUN_STANDARD"/>
    <property name="sun.boot.library.path" value="C:\Program Files\Java\jdk-17\bin"/>
    <property name="sun.java.command" value="C:\Users\MUHAMM~1\AppData\Local\Temp\surefire7331797791056123604\surefirebooter4339097372488797812.jar C:\Users\Muhammad Ahsan\AppData\Local\Temp\surefire7331797791056123604 2024-09-23T15-51-36_679-jvmRun1 surefire11883775441193488979tmp surefire_018332419362820516295tmp"/>
    <property name="jdk.debug" value="release"/>
    <property name="test" value="com.example.lab3.RulesOf6005Test"/>
    <property name="surefire.test.class.path" value="D:\Ahsan\Study\NUST\5th Semester\Assignments\Software Construction\Lab 3\lab3\lab3\target\test-classes;D:\Ahsan\Study\NUST\5th Semester\Assignments\Software Construction\Lab 3\lab3\lab3\target\classes;C:\Users\Muhammad Ahsan\.m2\repository\junit\junit\4.11\junit-4.11.jar;C:\Users\Muhammad Ahsan\.m2\repository\org\hamcrest\hamcrest-core\1.3\hamcrest-core-1.3.jar;"/>
    <property name="sun.cpu.endian" value="little"/>
    <property name="user.home" value="C:\Users\Muhammad Ahsan"/>
    <property name="user.language" value="en"/>
    <property name="java.specification.vendor" value="Oracle Corporation"/>
    <property name="java.version.date" value="2024-07-16"/>
    <property name="java.home" value="C:\Program Files\Java\jdk-17"/>
    <property name="file.separator" value="\"/>
    <property name="basedir" value="D:\Ahsan\Study\NUST\5th Semester\Assignments\Software Construction\Lab 3\lab3\lab3"/>
    <property name="java.vm.compressedOopsMode" value="Zero based"/>
    <property name="line.separator" value="&#10;"/>
    <property name="java.vm.specification.vendor" value="Oracle Corporation"/>
    <property name="java.specification.name" value="Java Platform API Specification"/>
    <property name="surefire.real.class.path" value="C:\Users\MUHAMM~1\AppData\Local\Temp\surefire7331797791056123604\surefirebooter4339097372488797812.jar"/>
    <property name="user.script" value=""/>
    <property name="sun.management.compiler" value="HotSpot 64-Bit Tiered Compilers"/>
    <property name="java.runtime.version" value="17.0.12+8-LTS-286"/>
    <property name="user.name" value="Muhammad Ahsan"/>
    <property name="path.separator" value=";"/>
    <property name="os.version" value="10.0"/>
    <property name="java.runtime.name" value="Java(TM) SE Runtime Environment"/>
    <property name="file.encoding" value="Cp1252"/>
    <property name="java.vm.name" value="Java HotSpot(TM) 64-Bit Server VM"/>
    <property name="maven.ext.class.path" value="C:\Users\Muhammad Ahsan\.vscode\extensions\oracle.oracle-java-22.1.2\nbcode\java\maven-nblib\netbeans-eventspy.jar"/>
    <property name="localRepository" value="C:\Users\Muhammad Ahsan\.m2\repository"/>
    <property name="java.vendor.url.bug" value="https://bugreport.java.com/bugreport/"/>
    <property name="java.io.tmpdir" value="C:\Users\MUHAMM~1\AppData\Local\Temp\"/>
    <property name="java.version" value="17.0.12"/>
    <property name="user.dir" value="D:\Ahsan\Study\NUST\5th Semester\Assignments\Software Construction\Lab 3\lab3\lab3"/>
    <property name="os.arch" value="amd64"/>
    <property name="java.vm.specification.name" value="Java Virtual Machine Specification"/>
    <property name="sun.os.patch.level" value=""/>
    <property name="native.encoding" value="Cp1252"/>
    <property name="java.library.path" value="C:\Program Files\Java\jdk-17\bin;C:\Windows\Sun\Java\bin;C:\Windows\system32;C:\Windows;C:\Program Files\Common Files\Oracle\Java\javapath;C:\Program Files\NVIDIA\CUDNN\v9.3\bin;C:\Program Files\NVIDIA GPU Computing Toolkit\CUDA\v12.6\bin;C:\Program Files\NVIDIA GPU Computing Toolkit\CUDA\v12.6\libnvvp;C:\Python312\Scripts\;C:\Python312\;C:\Windows\system32;C:\Windows;C:\Windows\System32\Wbem;C:\Windows\System32\WindowsPowerShell\v1.0\;C:\Windows\System32\OpenSSH\;C:\Program Files\dotnet\;C:\Program Files (x86)\NVIDIA Corporation\PhysX\Common;C:\Program Files\NVIDIA Corporation\NVIDIA NvDLISR;C:\Program Files\Git\cmd;C:\Program Files\nodejs\;C:\ProgramData\chocolatey\bin;C:\Users\Muhammad Ahsan\AppData\Local\Programs\Python\Python310\Scripts;C:\Users\Muhammad Ahsan\AppData\Local\Programs\Python\Python310;C:\Program Files\Git LFS;C:\Program Files\NVIDIA Corporation\Nsight Compute 2024.3.0\;C:\Program Files\MongoDB\Server\7.0\bin;C:\MinGW\bin;C:\MinGW\include;C:\Users\Muhammad Ahsan\AppData\Local\Programs\Python\Python310\Scripts;C:\Users\Muhammad Ahsan\AppData\Local\Microsoft\WindowsApps;C:\Users\Muhammad Ahsan\AppData\Local\Programs\Microsoft VS Code\bin;C:\Users\Muhammad Ahsan\AppData\Roaming\npm;C:\Users\Muhammad Ahsan\AppData\Local\GitHubDesktop\bin;C:\Dev Tools\Flutter\bin;C:\Dev Tools\maven\bin;;."/>
    <property name="java.vm.info" value="mixed mode, sharing"/>
    <property name="java.vendor" value="Oracle Corporation"/>
    <property name="java.vm.version" value="17.0.12+8-LTS-286"/>
    <property name="sun.io.unicode.encoding" value="UnicodeLittle"/>
    <property name="java.class.version" value="61.0"/>
  </properties>
  <testcase name="testMayUseCodeInAssignment" classname="com.example.lab3.RulesOf6005Test" time="0.001"/>
</testsuite>